<?xml version="1.0" encoding="UTF-8" ?>
<testsuite tests="14" failures="0" name="RegressionRunner" time="0.003" errors="0" skipped="0">
  <properties>
    <property name="java.runtime.name" value="OpenJDK Runtime Environment"/>
    <property name="java.vm.version" value="14.0.1+14"/>
    <property name="sun.boot.library.path" value="/usr/local/Cellar/openjdk/14.0.1/libexec/openjdk.jdk/Contents/Home/lib"/>
    <property name="maven.multiModuleProjectDirectory" value="/Users/askarmusakunov/Documents/SDET/Fall2021API"/>
    <property name="java.vm.vendor" value="Oracle Corporation"/>
    <property name="java.vendor.url" value="https://openjdk.java.net/"/>
    <property name="guice.disable.misplaced.annotation.check" value="true"/>
    <property name="path.separator" value=":"/>
    <property name="java.vm.name" value="OpenJDK 64-Bit Server VM"/>
    <property name="user.country" value="US"/>
    <property name="sun.java.launcher" value="SUN_STANDARD"/>
    <property name="test" value="RegressionRunner"/>
    <property name="java.vm.specification.name" value="Java Virtual Machine Specification"/>
    <property name="user.dir" value="/Users/askarmusakunov/Documents/SDET/Fall2021API"/>
    <property name="java.vm.compressedOopsMode" value="Zero based"/>
    <property name="java.runtime.version" value="14.0.1+14"/>
    <property name="os.arch" value="x86_64"/>
    <property name="java.io.tmpdir" value="/var/folders/vf/z9ll37j94yj49hrxqk8ckyvr0000gn/T/"/>
    <property name="line.separator" value="
"/>
    <property name="java.vm.specification.vendor" value="Oracle Corporation"/>
    <property name="os.name" value="Mac OS X"/>
    <property name="classworlds.conf" value="/usr/local/Cellar/maven/3.6.3_1/libexec/bin/m2.conf"/>
    <property name="sun.jnu.encoding" value="UTF-8"/>
    <property name="java.library.path" value="/Users/askarmusakunov/Library/Java/Extensions:/Library/Java/Extensions:/Network/Library/Java/Extensions:/System/Library/Java/Extensions:/usr/lib/java:."/>
    <property name="maven.conf" value="/usr/local/Cellar/maven/3.6.3_1/libexec/conf"/>
    <property name="jdk.debug" value="release"/>
    <property name="java.class.version" value="58.0"/>
    <property name="java.specification.name" value="Java Platform API Specification"/>
    <property name="sun.management.compiler" value="HotSpot 64-Bit Tiered Compilers"/>
    <property name="os.version" value="10.15.3"/>
    <property name="library.jansi.path" value="/usr/local/Cellar/maven/3.6.3_1/libexec/lib/jansi-native"/>
    <property name="http.nonProxyHosts" value="local|*.local|169.254/16|*.169.254/16"/>
    <property name="user.home" value="/Users/askarmusakunov"/>
    <property name="user.timezone" value="America/Chicago"/>
    <property name="file.encoding" value="UTF-8"/>
    <property name="java.specification.version" value="14"/>
    <property name="user.name" value="askarmusakunov"/>
    <property name="java.class.path" value="/usr/local/Cellar/maven/3.6.3_1/libexec/boot/plexus-classworlds-2.6.0.jar"/>
    <property name="java.vm.specification.version" value="14"/>
    <property name="sun.arch.data.model" value="64"/>
    <property name="sun.java.command" value="org.codehaus.plexus.classworlds.launcher.Launcher clean install -Dtest=RegressionRunner"/>
    <property name="java.home" value="/usr/local/Cellar/openjdk/14.0.1/libexec/openjdk.jdk/Contents/Home"/>
    <property name="user.language" value="en"/>
    <property name="java.specification.vendor" value="Oracle Corporation"/>
    <property name="java.vm.info" value="mixed mode, sharing"/>
    <property name="java.version" value="14.0.1"/>
    <property name="java.vendor" value="N/A"/>
    <property name="maven.home" value="/usr/local/Cellar/maven/3.6.3_1/libexec"/>
    <property name="file.separator" value="/"/>
    <property name="java.version.date" value="2020-04-14"/>
    <property name="java.vendor.url.bug" value="https://bugreport.java.com/bugreport/"/>
    <property name="sun.io.unicode.encoding" value="UnicodeBig"/>
    <property name="sun.cpu.endian" value="little"/>
    <property name="socksNonProxyHosts" value="local|*.local|169.254/16|*.169.254/16"/>
    <property name="ftp.nonProxyHosts" value="local|*.local|169.254/16|*.169.254/16"/>
  </properties>
  <testcase classname="Scenario: I should be able to create a new individual standard checking account with valid intro deposit" name="When I send a the following create account payload" time="0.002"/>
  <testcase classname="Scenario: I should be able to create a new individual standard checking account with valid intro deposit" name="Then response status code should be &apos;200&apos;" time="0"/>
  <testcase classname="Scenario: I should be able to create a new individual standard checking account with valid intro deposit" name="And the following should be the response payload" time="0"/>
  <testcase classname="Scenario: I should be able to create a new individual standard checking account with valid intro deposit" name="And the following should be the accountType response payload" time="0"/>
  <testcase classname="Scenario: I should be able to create a new individual standard checking account with valid intro deposit" name="And the following should be the ownershipType response payload" time="0"/>
  <testcase classname="Scenario: I should be able to create a new individual standard checking account with valid intro deposit" name="And the following should be the accountStanding response payload" time="0"/>
  <testcase classname="Scenario: I should be able to create a new individual standard checking account with valid intro deposit" name="Scenario: I should be able to create a new individual standard checking account with valid intro deposit" time="0.001"/>
  <testcase classname="Scenario: I should be able to send a debit transaction with my checking account" name="When I send the following new transaction payload with the checking account id &apos;206&apos;" time="0"/>
  <testcase classname="Scenario: I should be able to send a debit transaction with my checking account" name="Then response status code should be &apos;200&apos;" time="0"/>
  <testcase classname="Scenario: I should be able to send a debit transaction with my checking account" name="Then the following should be the transaction response payload" time="0"/>
  <testcase classname="Scenario: I should be able to send a debit transaction with my checking account" name="Then the following should be the transaction type response payload" time="0"/>
  <testcase classname="Scenario: I should be able to send a debit transaction with my checking account" name="Then the following should be the transaction state response payload" time="0"/>
  <testcase classname="Scenario: I should be able to send a debit transaction with my checking account" name="Then the following should be the transaction category response payload" time="0"/>
  <testcase classname="Scenario: I should be able to send a debit transaction with my checking account" name="Scenario: I should be able to send a debit transaction with my checking account" time="0"/>
</testsuite>